[debug] [2019-09-11T08:13:59.951Z] ----------------------------------------------------------------------
[debug] [2019-09-11T08:13:59.954Z] Command:       C:\Program Files\nodejs\node.exe C:\Users\Chanele\AppData\Roaming\npm\node_modules\firebase-tools\lib\bin\firebase.js init
[debug] [2019-09-11T08:13:59.954Z] CLI Version:   7.3.1
[debug] [2019-09-11T08:13:59.954Z] Platform:      win32
[debug] [2019-09-11T08:13:59.954Z] Node Version:  v10.16.3
[debug] [2019-09-11T08:13:59.955Z] Time:          Wed Sep 11 2019 10:13:59 GMT+0200 (Central European Summer Time)
[debug] [2019-09-11T08:13:59.955Z] ----------------------------------------------------------------------
[debug] 
[debug] [2019-09-11T08:13:59.966Z] > command requires scopes: ["email","openid","https://www.googleapis.com/auth/cloudplatformprojects.readonly","https://www.googleapis.com/auth/firebase","https://www.googleapis.com/auth/cloud-platform"]
[debug] [2019-09-11T08:13:59.967Z] > authorizing via signed-in user
[info] 
     ######## #### ########  ######## ########     ###     ######  ########
     ##        ##  ##     ## ##       ##     ##  ##   ##  ##       ##
     ######    ##  ########  ######   ########  #########  ######  ######
     ##        ##  ##    ##  ##       ##     ## ##     ##       ## ##
     ##       #### ##     ## ######## ########  ##     ##  ######  ########

You're about to initialize a Firebase project in this directory:

  D:\school\3rd Semester\Coding\bagels

[info] 
=== Project Setup
[info] 
[info] First, let's associate this project directory with a Firebase project.
[info] You can create multiple project aliases by running firebase use --add, 
[info] but for now we'll just set up a default project.
[info] 
[info] i  If you want to create a project in a Google Cloud organization or folder, please use "firebase projects:create" instead, and return to this command when you've created the project.
